<?xml version="1.0" encoding="UTF-8"?>
<!-- Generated by org.testng.reporters.JUnitReportReporter -->
<testsuite skipped="0" hostname="MSalman" name="Multiple_Email_Address.Talent" tests="1" failures="0" timestamp="28 Aug 2018 13:16:14 GMT" time="55.321" errors="0">
  <testcase name="Test" time="55.321" classname="Multiple_Email_Address.Talent"/>
</testsuite> <!-- Multiple_Email_Address.Talent -->
