<?xml version="1.0" encoding="UTF-8"?>
<!-- Generated by org.testng.reporters.JUnitReportReporter -->
<testsuite skipped="0" hostname="MSalman" name="Multiple_Email_Address.Sign_up" tests="1" failures="0" timestamp="29 Aug 2018 07:12:31 GMT" time="66.414" errors="0">
  <testcase name="Test" time="66.414" classname="Multiple_Email_Address.Sign_up"/>
</testsuite> <!-- Multiple_Email_Address.Sign_up -->
